<?xml version="1.0" encoding="UTF-8"?>
<testsuite xmlns:xsi="http://www.w3.org/2001/XMLSchema-instance" xsi:noNamespaceSchemaLocation="https://maven.apache.org/surefire/maven-surefire-plugin/xsd/surefire-test-report.xsd" name="testrunners.MyTestRunner" time="95.325" tests="1" errors="0" skipped="0" failures="1">
  <properties>
[...]
</properties>
  <testcase name="null on testrunners.MyTestRunner" classname="testrunners.MyTestRunner" time="94.818">
    <failure message="Justify" type="java.lang.NoSuchFieldError">java.lang.NoSuchFieldError: Justify
</failure>
    <system-out><![CDATA[
Scenario: Account Page title Test                   &amp#27;[90m# src/test/resources/com/features/AccountsPage.feature:9&amp#27;[0m
browser value is :chrome
  &amp#27;[32mGiven &amp#27;[0m&amp#27;[32mUser has already logged in to Application&amp#27;[0m   &amp#27;[90m# stepdefinitions.AccountsPagesteps.user_has_already_logged_in_to_application(io.cucumber.datatable.DataTable)&amp#27;[0m
  &amp#27;[32mGiven &amp#27;[0m&amp#27;[32mUser is on the Account Page&amp#27;[0m                 &amp#27;[90m# stepdefinitions.AccountsPagesteps.user_is_on_the_account_page()&amp#27;[0m
page title is :My account - My Store
  &amp#27;[32mThen &amp#27;[0m&amp#27;[32mUser gets the title of the page&amp#27;[0m              &amp#27;[90m# stepdefinitions.LoginPageSteps.user_gets_the_title_of_the_page()&amp#27;[0m
  &amp#27;[32mThen &amp#27;[0m&amp#27;[32mPage title should be &amp#27;[0m&amp#27;[32m&amp#27;[1m"My account - My Store"&amp#27;[0m &amp#27;[90m# stepdefinitions.LoginPageSteps.page_title_should_be(java.lang.String)&amp#27;[0m

Scenario: Account section count test              &amp#27;[90m# src/test/resources/com/features/AccountsPage.feature:15&amp#27;[0m
browser value is :chrome
  &amp#27;[32mGiven &amp#27;[0m&amp#27;[32mUser has already logged in to Application&amp#27;[0m &amp#27;[90m# stepdefinitions.AccountsPagesteps.user_has_already_logged_in_to_application(io.cucumber.datatable.DataTable)&amp#27;[0m
  &amp#27;[32mGiven &amp#27;[0m&amp#27;[32mUser is on the Account Page&amp#27;[0m               &amp#27;[90m# stepdefinitions.AccountsPagesteps.user_is_on_the_account_page()&amp#27;[0m
Expected Account Section List : -[ORDER HISTORY AND DETAILS, MY CREDIT SLIPS, MY ADDRESSES, MY PERSONAL INFORMATION, MY WISHLISTS, Home]
ORDER HISTORY AND DETAILS
MY CREDIT SLIPS
MY ADDRESSES
MY PERSONAL INFORMATION
MY WISHLISTS
Home
actual Account Section List : -[ORDER HISTORY AND DETAILS, MY CREDIT SLIPS, MY ADDRESSES, MY PERSONAL INFORMATION, MY WISHLISTS, Home]
  &amp#27;[32mThen &amp#27;[0m&amp#27;[32mUser gets the account section&amp#27;[0m              &amp#27;[90m# stepdefinitions.AccountsPagesteps.user_gets_the_account_section(io.cucumber.datatable.DataTable)&amp#27;[0m
  &amp#27;[32mAnd &amp#27;[0m&amp#27;[32mAccount section count should be &amp#27;[0m&amp#27;[32m&amp#27;[1m6&amp#27;[0m           &amp#27;[90m# stepdefinitions.AccountsPagesteps.account_section_count_should_be(java.lang.Integer)&amp#27;[0m

Scenario: Login Page Title Test                &amp#27;[90m# src/test/resources/com/features/LoginPage.feature:4&amp#27;[0m
browser value is :chrome
  &amp#27;[32mGiven &amp#27;[0m&amp#27;[32mUser is on the Login Page&amp#27;[0m              &amp#27;[90m# stepdefinitions.LoginPageSteps.user_is_on_the_login_page()&amp#27;[0m
page title is :Login - My Store
  &amp#27;[32mWhen &amp#27;[0m&amp#27;[32mUser gets the title of the page&amp#27;[0m         &amp#27;[90m# stepdefinitions.LoginPageSteps.user_gets_the_title_of_the_page()&amp#27;[0m
  &amp#27;[32mThen &amp#27;[0m&amp#27;[32mPage title should be &amp#27;[0m&amp#27;[32m&amp#27;[1m"Login - My Store"&amp#27;[0m &amp#27;[90m# stepdefinitions.LoginPageSteps.page_title_should_be(java.lang.String)&amp#27;[0m

Scenario: Forgot Password Link Check            &amp#27;[90m# src/test/resources/com/features/LoginPage.feature:9&amp#27;[0m
browser value is :chrome
  &amp#27;[32mGiven &amp#27;[0m&amp#27;[32mUser is on the Login Page&amp#27;[0m               &amp#27;[90m# stepdefinitions.LoginPageSteps.user_is_on_the_login_page()&amp#27;[0m
  &amp#27;[32mWhen &amp#27;[0m&amp#27;[32mForgot Password link should be displayed&amp#27;[0m &amp#27;[90m# stepdefinitions.LoginPageSteps.forgot_password_link_should_be_displayed()&amp#27;[0m

Scenario: Login with Correct Credentials                        &amp#27;[90m# src/test/resources/com/features/LoginPage.feature:13&amp#27;[0m
browser value is :chrome
  &amp#27;[32mGiven &amp#27;[0m&amp#27;[32mUser is on the Login Page&amp#27;[0m                               &amp#27;[90m# stepdefinitions.LoginPageSteps.user_is_on_the_login_page()&amp#27;[0m
  &amp#27;[32mWhen &amp#27;[0m&amp#27;[32mUser enters the username &amp#27;[0m&amp#27;[32m&amp#27;[1m"Sarthak.Singhal8723@gmail.com"&amp#27;[0m &amp#27;[90m# stepdefinitions.LoginPageSteps.user_enters_the_username(java.lang.String)&amp#27;[0m
  &amp#27;[32mAnd &amp#27;[0m&amp#27;[32mUser enters the password &amp#27;[0m&amp#27;[32m&amp#27;[1m"Sarthak@87"&amp#27;[0m                     &amp#27;[90m# stepdefinitions.LoginPageSteps.user_enters_the_password(java.lang.String)&amp#27;[0m
  &amp#27;[32mAnd &amp#27;[0m&amp#27;[32mUser clicks on the Login button&amp#27;[0m                           &amp#27;[90m# stepdefinitions.LoginPageSteps.user_clicks_on_the_login_button()&amp#27;[0m
page title is :My account - My Store
  &amp#27;[32mThen &amp#27;[0m&amp#27;[32mUser gets the title of the page&amp#27;[0m                          &amp#27;[90m# stepdefinitions.LoginPageSteps.user_gets_the_title_of_the_page()&amp#27;[0m
  &amp#27;[32mAnd &amp#27;[0m&amp#27;[32mPage title should be &amp#27;[0m&amp#27;[32m&amp#27;[1m"My account - My Store"&amp#27;[0m              &amp#27;[90m# stepdefinitions.LoginPageSteps.page_title_should_be(java.lang.String)&amp#27;[0m
]]></system-out>
    <system-err><![CDATA[SLF4J: Failed to load class "org.slf4j.impl.StaticLoggerBinder".
SLF4J: Defaulting to no-operation (NOP) logger implementation
SLF4J: See http://www.slf4j.org/codes.html#StaticLoggerBinder for further details.
Starting ChromeDriver 91.0.4472.101 (af52a90bf87030dd1523486a1cd3ae25c5d76c9b-refs/branch-heads/4472@{#1462}) on port 9275
Only local connections are allowed.
Please see https://chromedriver.chromium.org/security-considerations for suggestions on keeping ChromeDriver safe.
ChromeDriver was started successfully.
Jul 26, 2021 3:16:11 PM org.openqa.selenium.remote.ProtocolHandshake createSession
INFO: Detected dialect: W3C
Starting ChromeDriver 91.0.4472.101 (af52a90bf87030dd1523486a1cd3ae25c5d76c9b-refs/branch-heads/4472@{#1462}) on port 33975
Only local connections are allowed.
Please see https://chromedriver.chromium.org/security-considerations for suggestions on keeping ChromeDriver safe.
ChromeDriver was started successfully.
Jul 26, 2021 3:16:30 PM org.openqa.selenium.remote.ProtocolHandshake createSession
INFO: Detected dialect: W3C
Starting ChromeDriver 91.0.4472.101 (af52a90bf87030dd1523486a1cd3ae25c5d76c9b-refs/branch-heads/4472@{#1462}) on port 38023
Only local connections are allowed.
Please see https://chromedriver.chromium.org/security-considerations for suggestions on keeping ChromeDriver safe.
ChromeDriver was started successfully.
Jul 26, 2021 3:16:48 PM org.openqa.selenium.remote.ProtocolHandshake createSession
INFO: Detected dialect: W3C
Starting ChromeDriver 91.0.4472.101 (af52a90bf87030dd1523486a1cd3ae25c5d76c9b-refs/branch-heads/4472@{#1462}) on port 15870
Only local connections are allowed.
Please see https://chromedriver.chromium.org/security-considerations for suggestions on keeping ChromeDriver safe.
ChromeDriver was started successfully.
Jul 26, 2021 3:17:00 PM org.openqa.selenium.remote.ProtocolHandshake createSession
INFO: Detected dialect: W3C
Starting ChromeDriver 91.0.4472.101 (af52a90bf87030dd1523486a1cd3ae25c5d76c9b-refs/branch-heads/4472@{#1462}) on port 38683
Only local connections are allowed.
Please see https://chromedriver.chromium.org/security-considerations for suggestions on keeping ChromeDriver safe.
ChromeDriver was started successfully.
Jul 26, 2021 3:17:12 PM org.openqa.selenium.remote.ProtocolHandshake createSession
INFO: Detected dialect: W3C
Jul 26, 2021 3:17:34 PM tech.grasshopper.pdf.PDFCucumberReport collectReportConfiguration
INFO: PDF report configuration not found. Using default settings.
]]></system-err>
  </testcase>
</testsuite>